2024-01-10 15:15:54,490 [INFO] USER:Vlada helper.py:580:check_lambda_name LOG: Validating lambda name: 'hello-world'
2024-01-10 15:15:54,491 [INFO] USER:Vlada helper.py:595:check_lambda_name LOG: Lambda name: 'hello-world' passed the validation
2024-01-10 15:15:54,491 [INFO] USER:Vlada helper.py:569:resolve_project_path LOG: Parameter: 'project_path' wasn't specified. Getting automatically
2024-01-10 15:15:54,491 [INFO] USER:Vlada helper.py:573:resolve_project_path LOG: Path: 'D:/syndicate-tasks/hello-world-lambda-function/cmtr-bbc9a984-hello_world_lambda-test' was assigned to the parameter: 'project_path'
2024-01-10 15:15:54,493 [INFO] USER:Vlada project.py:90:_generate_java_project_hierarchy LOG: Generating pom inside D:/syndicate-tasks/hello-world-lambda-function/cmtr-bbc9a984-hello_world_lambda-test
2024-01-10 15:15:54,493 [INFO] USER:Vlada project.py:95:_generate_java_project_hierarchy LOG: Pom file was generated by path: D:/syndicate-tasks/hello-world-lambda-function/cmtr-bbc9a984-hello_world_lambda-test\pom.xml
2024-01-10 15:15:54,572 [INFO] USER:Vlada lambda_function.py:255:_generate_java_lambdas LOG: Lambda hello-world created
2024-01-10 15:15:54,573 [INFO] USER:Vlada lambda_function.py:125:generate_lambda_function LOG: Lambda hello-world has been successfully added to the project.
2024-01-10 15:15:54,574 [INFO] USER:Vlada helper.py:333:timed LOG: Stage lambda_function, elapsed time: 0:00:00.080902
2024-01-10 15:18:03,492 [INFO] USER:Vlada processor.py:141:_prepare_bucket_view LOG: Viewing complement, URIBucketView, has been found, setting up the raw data.
2024-01-10 15:18:07,545 [INFO] USER:Vlada bundle_processor.py:189:create_bundles_bucket LOG: Bundles bucket syndicate-artefacts-940554314263-eucentral1 does not exist. Creating bucket..
2024-01-10 15:18:08,425 [INFO] USER:Vlada s3_connection.py:443:put_public_access_block LOG: Setting public access block for bucket: syndicate-artefacts-940554314263-eucentral1 with params: {'BlockPublicAcls': True, 'IgnorePublicAcls': True, 'BlockPublicPolicy': True, 'RestrictPublicBuckets': True}
2024-01-10 15:18:08,664 [INFO] USER:Vlada s3_connection.py:449:put_public_access_block LOG: Public access block was set
2024-01-10 15:18:08,664 [INFO] USER:Vlada bundle_processor.py:196:create_bundles_bucket LOG: syndicate-artefacts-940554314263-eucentral1 bucket created successfully
2024-01-10 15:18:08,665 [INFO] USER:Vlada helper.py:333:timed LOG: Stage create_deploy_target_bucket, elapsed time: 0:00:05.172630
2024-01-10 15:21:30,359 [INFO] USER:Vlada processor.py:141:_prepare_bucket_view LOG: Viewing complement, URIBucketView, has been found, setting up the raw data.
2024-01-10 15:21:31,182 [INFO] USER:Vlada helper.py:333:timed LOG: Stage test, elapsed time: 0:00:00.001018
2024-01-10 15:21:31,332 [INFO] USER:Vlada project_state.py:320:_update_lambdas_from_path LOG: Going to resolve any lambda names from a given path: D:\syndicate-tasks\hello-world-lambda-function\cmtr-bbc9a984-hello_world_lambda-test\jsrc\main\java\com\cmtrbbc9a984helloworldlambdatest.
2024-01-10 15:21:31,333 [INFO] USER:Vlada project_state.py:324:_update_lambdas_from_path LOG: Going to add the following 'java' lambda:'hello-world' to the pending ProjectState.
2024-01-10 15:21:31,333 [INFO] USER:Vlada project_state.py:320:_update_lambdas_from_path LOG: Going to resolve any lambda names from a given path: D:\syndicate-tasks\hello-world-lambda-function\cmtr-bbc9a984-hello_world_lambda-test\src\lambdas.
2024-01-10 15:21:31,333 [INFO] USER:Vlada project_state.py:320:_update_lambdas_from_path LOG: Going to resolve any lambda names from a given path: D:\syndicate-tasks\hello-world-lambda-function\cmtr-bbc9a984-hello_world_lambda-test\app\lambdas.
2024-01-10 15:21:31,335 [INFO] USER:Vlada java.py:30:assemble_java_mvn_lambdas LOG: Java sources are located by path: D:/syndicate-tasks/hello-world-lambda-function/cmtr-bbc9a984-hello_world_lambda-test/jsrc/main/java
2024-01-10 15:21:31,335 [INFO] USER:Vlada java.py:31:assemble_java_mvn_lambdas LOG: Going to process java mvn project by path: D:/syndicate-tasks/hello-world-lambda-function/cmtr-bbc9a984-hello_world_lambda-test
2024-01-10 15:21:37,621 [INFO] USER:Vlada java.py:44:assemble_java_mvn_lambdas LOG: Java mvn project was processed successfully
2024-01-10 15:21:37,621 [INFO] USER:Vlada helper.py:333:timed LOG: Stage assemble_java_mvn, elapsed time: 0:00:06.286638
2024-01-10 15:21:37,623 [INFO] USER:Vlada helper.py:333:timed LOG: Stage assemble_java_mvn, elapsed time: 0:00:06.288636
2024-01-10 15:21:37,623 [INFO] USER:Vlada helper.py:333:timed LOG: Stage assemble, elapsed time: 0:00:06.291254
2024-01-10 15:21:37,626 [INFO] USER:Vlada meta_processor.py:413:create_meta LOG: Bundle path: D:/syndicate-tasks/hello-world-lambda-function/cmtr-bbc9a984-hello_world_lambda-test/bundles/cmtr-bbc9a984-hello_world_lambda-test_240110.152130
2024-01-10 15:21:37,638 [INFO] USER:Vlada helper.py:296:write_content_to_file LOG: D:\syndicate-tasks\hello-world-lambda-function\.syndicate-config-development/bundles/cmtr-bbc9a984-hello_world_lambda-test_240110.152130\build_meta.json file was created.
2024-01-10 15:21:37,638 [INFO] USER:Vlada helper.py:333:timed LOG: Stage package_meta, elapsed time: 0:00:00.012270
2024-01-10 15:21:38,285 [INFO] USER:Vlada bundle_processor.py:164:upload_bundle_to_s3 LOG: Bundle was validated successfully
2024-01-10 15:21:39,744 [INFO] USER:Vlada helper.py:333:timed LOG: Stage upload, elapsed time: 0:00:01.820127
2024-01-10 15:21:39,745 [INFO] USER:Vlada helper.py:333:timed LOG: Stage build, elapsed time: 0:00:09.045791
2024-01-10 15:22:00,266 [INFO] USER:Vlada processor.py:141:_prepare_bucket_view LOG: Viewing complement, URIBucketView, has been found, setting up the raw data.
2024-01-10 15:22:00,879 [INFO] USER:Vlada sync_processor.py:53:sync_project_state LOG: Project state file has been successfully synced
2024-01-10 15:22:00,879 [INFO] USER:Vlada helper.py:237:resolve_default_value LOG: Resolved value of deploy_name: cmtr-bbc9a984-hello-world-lambda-test
2024-01-10 15:22:01,007 [INFO] USER:Vlada project_state.py:114:get_remote LOG: Unsafely loaded project state file from S3 bucket. The retrieved object has type: dict
2024-01-10 15:22:01,007 [INFO] USER:Vlada project_state.py:119:get_remote LOG: Made ProjectState object from the dict loaded from S3 bucket
2024-01-10 15:22:01,128 [INFO] USER:Vlada sync_processor.py:53:sync_project_state LOG: Project state file has been successfully synced
2024-01-10 15:22:01,128 [INFO] USER:Vlada helper.py:237:resolve_default_value LOG: Resolved value of bundle_name: cmtr-bbc9a984-hello_world_lambda-test_240110.152130
2024-01-10 15:22:01,255 [INFO] USER:Vlada project_state.py:114:get_remote LOG: Unsafely loaded project state file from S3 bucket. The retrieved object has type: dict
2024-01-10 15:22:01,256 [INFO] USER:Vlada project_state.py:119:get_remote LOG: Made ProjectState object from the dict loaded from S3 bucket
2024-01-10 15:22:01,380 [INFO] USER:Vlada sync_processor.py:53:sync_project_state LOG: Project state file has been successfully synced
2024-01-10 15:22:01,500 [INFO] USER:Vlada project_state.py:114:get_remote LOG: Unsafely loaded project state file from S3 bucket. The retrieved object has type: dict
2024-01-10 15:22:01,500 [INFO] USER:Vlada project_state.py:119:get_remote LOG: Made ProjectState object from the dict loaded from S3 bucket
2024-01-10 15:22:01,630 [INFO] USER:Vlada sync_processor.py:53:sync_project_state LOG: Project state file has been successfully synced
2024-01-10 15:22:02,045 [INFO] USER:Vlada deployment_processor.py:330:create_deployment_resources LOG: Going to deploy AWS resources
2024-01-10 15:22:03,125 [INFO] USER:Vlada deployment_processor.py:83:_process_resources LOG: Processing iam_policy resources
2024-01-10 15:22:03,803 [WARNING] USER:Vlada iam_resource.py:114:_create_policy_from_meta LOG: IAM policy lambda-basic-execution exists.
2024-01-10 15:22:03,973 [INFO] USER:Vlada deployment_processor.py:83:_process_resources LOG: Processing iam_role resources
2024-01-10 15:22:04,184 [WARNING] USER:Vlada iam_resource.py:138:_create_role_from_meta LOG: IAM role hello-world-role exists.
2024-01-10 15:22:04,185 [INFO] USER:Vlada deployment_processor.py:95:_process_resources LOG: Processing lambda resources
2024-01-10 15:22:06,773 [INFO] USER:Vlada deployment_processor.py:333:create_deployment_resources LOG: AWS resources were deployed successfully
2024-01-10 15:22:06,773 [INFO] USER:Vlada deployment_processor.py:336:create_deployment_resources LOG: Going to apply dynamic changes
2024-01-10 15:22:06,773 [INFO] USER:Vlada deployment_processor.py:338:create_deployment_resources LOG: Dynamic changes were applied successfully
2024-01-10 15:22:06,774 [INFO] USER:Vlada deployment_processor.py:340:create_deployment_resources LOG: Going to apply common tags
2024-01-10 15:22:06,832 [INFO] USER:Vlada group_tagging_api_resource.py:59:apply_tags LOG: No tags are specified in config. Skipping...
2024-01-10 15:22:06,833 [INFO] USER:Vlada deployment_processor.py:343:create_deployment_resources LOG: Going to create deploy output
2024-01-10 15:22:07,005 [INFO] USER:Vlada bundle_processor.py:63:create_deploy_output LOG: Output file with name cmtr-bbc9a984-hello_world_lambda-test_240110.152130/outputs/cmtr-bbc9a984-hello-world-lambda-test.json has been created
2024-01-10 15:22:07,005 [INFO] USER:Vlada deployment_processor.py:349:create_deployment_resources LOG: Deploy output for cmtr-bbc9a984-hello-world-lambda-test was created.
2024-01-10 15:22:07,005 [INFO] USER:Vlada helper.py:333:timed LOG: Stage deploy, elapsed time: 0:00:05.019966
2024-01-10 15:22:07,169 [INFO] USER:Vlada project_state.py:114:get_remote LOG: Unsafely loaded project state file from S3 bucket. The retrieved object has type: dict
2024-01-10 15:22:07,169 [INFO] USER:Vlada project_state.py:119:get_remote LOG: Made ProjectState object from the dict loaded from S3 bucket
2024-01-10 15:22:07,305 [INFO] USER:Vlada sync_processor.py:53:sync_project_state LOG: Project state file has been successfully synced
2024-01-10 15:44:05,485 [INFO] USER:Vlada processor.py:141:_prepare_bucket_view LOG: Viewing complement, URIBucketView, has been found, setting up the raw data.
